<?xml version="1.0" encoding="UTF-8"?>
<!-- Generated by org.testng.reporters.JUnitReportReporter -->
<testsuite skipped="0" hostname="Sujatas-MacBook-Air.local" name="com.sfdc.utilities.CleanupUtilities" tests="1" failures="0" timestamp="2022-09-08T16:47:24 PDT" time="40.279" errors="0">
  <testcase name="restoreUserData" time="40.279" classname="com.sfdc.utilities.CleanupUtilities"/>
  <system-out/>
</testsuite> <!-- com.sfdc.utilities.CleanupUtilities -->
