<?xml version="1.0" encoding="UTF-8"?>
<!-- Generated by org.testng.reporters.JUnitReportReporter -->
<testsuite skipped="0" hostname="Sujatas-MacBook-Air.local" name="com.sfdc.test.RandomTests" tests="2" failures="0" timestamp="2022-09-02T15:07:29 PDT" time="180.807" errors="0">
  <testcase name="TC35_VerifyTabCustomizations" time="135.089" classname="com.sfdc.test.RandomTests"/>
  <system-out/>
  <testcase name="TC33_TestFirstLastNameLink" time="45.718" classname="com.sfdc.test.RandomTests"/>
  <system-out/>
</testsuite> <!-- com.sfdc.test.RandomTests -->
