<?xml version="1.0" encoding="UTF-8"?>
<!-- Generated by org.testng.reporters.JUnitReportReporter -->
<testsuite skipped="0" hostname="Sujatas-MacBook-Air.local" name="com.sfdc.test.LoginTest" tests="2" failures="0" timestamp="2022-09-08T23:26:50 PDT" time="41.896" errors="0">
  <testcase name="TC04B_forgotPassword" time="21.937" classname="com.sfdc.test.LoginTest"/>
  <system-out/>
  <testcase name="TC04A_forgotPassword" time="19.959" classname="com.sfdc.test.LoginTest"/>
  <system-out/>
</testsuite> <!-- com.sfdc.test.LoginTest -->
