<?xml version="1.0" encoding="UTF-8"?>
<!-- Generated by org.testng.reporters.JUnitReportReporter -->
<testsuite skipped="0" hostname="Sujatas-MacBook-Air.local" name="com.sfdc.test.ContactsTest" tests="8" failures="0" timestamp="2022-09-08T14:22:33 PDT" time="331.187" errors="0">
  <testcase name="TC26_CreateNewContact" time="40.002" classname="com.sfdc.test.ContactsTest"/>
  <system-out/>
  <testcase name="TC32_TestSaveAndNewInContacts" time="60.256" classname="com.sfdc.test.ContactsTest"/>
  <system-out/>
  <testcase name="TC27_SelectFilterForContacts" time="32.063" classname="com.sfdc.test.ContactsTest"/>
  <system-out/>
  <testcase name="TC28_SelectMyContacts" time="34.987" classname="com.sfdc.test.ContactsTest"/>
  <system-out/>
  <testcase name="TC29_ViewAContact" time="34.594" classname="com.sfdc.test.ContactsTest"/>
  <system-out/>
  <testcase name="TC25_CreateNewContact" time="40.804" classname="com.sfdc.test.ContactsTest"/>
  <system-out/>
  <testcase name="TC30_TestErrorCreateContactsView" time="42.407" classname="com.sfdc.test.ContactsTest"/>
  <system-out/>
  <testcase name="TC31_TestCancelCreateContactsView" time="46.074" classname="com.sfdc.test.ContactsTest"/>
  <system-out/>
</testsuite> <!-- com.sfdc.test.ContactsTest -->
