<?xml version="1.0" encoding="UTF-8"?>
<!-- Generated by org.testng.reporters.JUnitReportReporter -->
<testsuite skipped="0" hostname="Sujatas-MacBook-Air.local" name="com.sfdc.test.LeadsTest" tests="5" failures="0" timestamp="2022-09-08T14:07:25 PDT" time="281.674" errors="0">
  <testcase name="TC20_TestLeadsTab" time="48.890" classname="com.sfdc.test.LeadsTest"/>
  <system-out/>
  <testcase name="TC21_ValidateStdViews" time="48.642" classname="com.sfdc.test.LeadsTest"/>
  <system-out/>
  <testcase name="TC22_TestPriorSelectWithGo" time="81.152" classname="com.sfdc.test.LeadsTest"/>
  <system-out/>
  <testcase name="TC23_TestLeadViewOption" time="41.270" classname="com.sfdc.test.LeadsTest"/>
  <system-out/>
  <testcase name="TC24_CreateNewLead" time="61.720" classname="com.sfdc.test.LeadsTest"/>
  <system-out/>
</testsuite> <!-- com.sfdc.test.LeadsTest -->
