<?xml version="1.0" encoding="UTF-8"?>
<!-- Generated by org.testng.reporters.JUnitReportReporter -->
<testsuite skipped="0" hostname="Sujatas-MacBook-Air.local" name="com.sfdc.test.OpportunitiesTest" tests="5" failures="0" timestamp="2022-09-08T14:29:09 PDT" time="280.350" errors="0">
  <testcase name="TC17_TestOpportunityPipelineReport" time="50.113" classname="com.sfdc.test.OpportunitiesTest"/>
  <system-out/>
  <testcase name="TC18_TestStuckOpportunityReport" time="62.030" classname="com.sfdc.test.OpportunitiesTest"/>
  <system-out/>
  <testcase name="TC19_TestQuarterlySummaryReport" time="54.739" classname="com.sfdc.test.OpportunitiesTest"/>
  <system-out/>
  <testcase name="TC16_TestCreateNewOpportunity" time="62.545" classname="com.sfdc.test.OpportunitiesTest"/>
  <system-out/>
  <testcase name="TC15_TestCreateNewMenu" time="50.923" classname="com.sfdc.test.OpportunitiesTest"/>
  <system-out/>
</testsuite> <!-- com.sfdc.test.OpportunitiesTest -->
