<?xml version="1.0" encoding="UTF-8"?>
<!-- Generated by org.testng.reporters.JUnitReportReporter -->
<testsuite hostname="Sujatas-MacBook-Air.local" failures="0" tests="4" name="com.sfdc.pkg.ParallelExMethods" time="0.034" errors="0" timestamp="2022-09-13T12:55:09 PDT" skipped="0">
  <testcase classname="com.sfdc.pkg.ParallelExMethods" name="m1" time="0.012"/>
  <system-out/>
  <testcase classname="com.sfdc.pkg.ParallelExMethods" name="m2" time="0.002"/>
  <system-out/>
  <testcase classname="com.sfdc.pkg.ParallelExMethods" name="m3" time="0.017"/>
  <system-out/>
  <testcase classname="com.sfdc.pkg.ParallelExMethods" name="m4" time="0.003"/>
  <system-out/>
</testsuite> <!-- com.sfdc.pkg.ParallelExMethods -->
