<?xml version="1.0" encoding="UTF-8"?>
<!-- Generated by org.testng.reporters.JUnitReportReporter -->
<testsuite hostname="Sujatas-MacBook-Air.local" failures="0" tests="4" name="com.sfdc.test.LoginTest" time="57.635" errors="0" timestamp="2022-09-13T17:47:40 PDT" skipped="0">
  <testcase classname="com.sfdc.test.LoginTest" name="TC03_checkRememberMe" time="30.238"/>
  <system-out/>
  <testcase classname="com.sfdc.test.LoginTest" name="TC04A_forgotPassword" time="6.938"/>
  <system-out/>
  <testcase classname="com.sfdc.test.LoginTest" name="TC01_loginErrorMessage" time="13.918"/>
  <system-out/>
  <testcase classname="com.sfdc.test.LoginTest" name="TC04B_forgotPassword" time="6.541"/>
  <system-out/>
</testsuite> <!-- com.sfdc.test.LoginTest -->
